<?xml version="1.0" encoding="UTF-8"?>
<!-- Generated by org.testng.reporters.JUnitReportReporter -->
<testsuite hostname="AUTOMATION-LAB" failures="0" tests="1" name="testscripts.Sample" time="4.855" errors="0" timestamp="2023-09-30T12:40:39 IST" skipped="0">
  <testcase classname="testscripts.Sample" name="test" time="4.855"/>
</testsuite> <!-- testscripts.Sample -->
